#
# There is insufficient memory for the Java Runtime Environment to continue.
# Native memory allocation (malloc) failed to allocate 32784 bytes for Chunk::new
# Possible reasons:
#   The system is out of physical RAM or swap space
#   The process is running with CompressedOops enabled, and the Java Heap may be blocking the growth of the native heap
# Possible solutions:
#   Reduce memory load on the system
#   Increase physical memory or swap space
#   Check if swap backing store is full
#   Decrease Java heap size (-Xmx/-Xms)
#   Decrease number of Java threads
#   Decrease Java thread stack sizes (-Xss)
#   Set larger code cache with -XX:ReservedCodeCacheSize=
#   JVM is running with Unscaled Compressed Oops mode in which the Java heap is
#     placed in the first 4GB address space. The Java Heap base address is the
#     maximum limit for the native heap growth. Please use -XX:HeapBaseMinAddress
#     to set the Java Heap base and to place the Java Heap above 4GB virtual address.
# This output file may be truncated or incomplete.
#
#  Out of Memory Error (allocation.cpp:389), pid=15660, tid=0x0000000000003420
#
# JRE version: OpenJDK Runtime Environment (8.0_242-b01) (build 1.8.0_242-release-1644-b01)
# Java VM: OpenJDK 64-Bit Server VM (25.242-b01 mixed mode windows-amd64 compressed oops)
# Failed to write core dump. Minidumps are not enabled by default on client versions of Windows
#

---------------  T H R E A D  ---------------

Current thread (0x00000000178a6800):  JavaThread "C2 CompilerThread0" daemon [_thread_in_native, id=13344, stack(0x0000000018f10000,0x0000000019010000)]

Stack: [0x0000000018f10000,0x0000000019010000]
[error occurred during error reporting (printing stack bounds), id 0xc0000005]

Native frames: (J=compiled Java code, j=interpreted, Vv=VM code, C=native code)


Current CompileTask:
C2:  21525 4060       4       org.gradle.internal.reflect.MethodSet::add (50 bytes)


---------------  P R O C E S S  ---------------

Java Threads: ( => current thread )
  0x000000001f714800 JavaThread "Cache worker for Build Output Cleanup Cache (D:\3175_android\FoodOLife\.gradle\buildOutputCleanup)" [_thread_blocked, id=7100, stack(0x0000000027650000,0x0000000027750000)]
  0x000000001dd1f000 JavaThread "jar transforms Thread 94" [_thread_blocked, id=11004, stack(0x0000000027350000,0x0000000027450000)]
  0x000000001dd22000 JavaThread "jar transforms Thread 93" [_thread_blocked, id=2152, stack(0x0000000027250000,0x0000000027350000)]
  0x000000001dd1e000 JavaThread "jar transforms Thread 92" [_thread_blocked, id=8848, stack(0x0000000027150000,0x0000000027250000)]
  0x000000001dd23800 JavaThread "jar transforms Thread 91" [_thread_blocked, id=16884, stack(0x0000000027050000,0x0000000027150000)]
  0x000000001dd23000 JavaThread "jar transforms Thread 90" [_thread_blocked, id=15068, stack(0x0000000026f50000,0x0000000027050000)]
  0x000000001dd1d800 JavaThread "jar transforms Thread 89" [_thread_blocked, id=13888, stack(0x0000000026e50000,0x0000000026f50000)]
  0x000000001dd20800 JavaThread "jar transforms Thread 88" [_thread_blocked, id=14288, stack(0x0000000026d50000,0x0000000026e50000)]
  0x000000001dd16000 JavaThread "jar transforms Thread 87" [_thread_blocked, id=2632, stack(0x0000000026c50000,0x0000000026d50000)]
  0x000000001dd1c800 JavaThread "jar transforms Thread 86" [_thread_blocked, id=6192, stack(0x0000000026b50000,0x0000000026c50000)]
  0x000000001dd1c000 JavaThread "jar transforms Thread 85" [_thread_blocked, id=3316, stack(0x0000000026a50000,0x0000000026b50000)]
  0x000000001dd14800 JavaThread "jar transforms Thread 84" [_thread_blocked, id=16228, stack(0x0000000026950000,0x0000000026a50000)]
  0x000000001dd1b000 JavaThread "jar transforms Thread 83" [_thread_blocked, id=14776, stack(0x0000000026850000,0x0000000026950000)]
  0x000000001dd19800 JavaThread "jar transforms Thread 82" [_thread_blocked, id=15248, stack(0x0000000026750000,0x0000000026850000)]
  0x000000001dd18000 JavaThread "jar transforms Thread 81" [_thread_blocked, id=11324, stack(0x0000000026650000,0x0000000026750000)]
  0x000000001dd16800 JavaThread "jar transforms Thread 80" [_thread_blocked, id=15916, stack(0x0000000026550000,0x0000000026650000)]
  0x000000001dd19000 JavaThread "jar transforms Thread 79" [_thread_blocked, id=3956, stack(0x0000000026450000,0x0000000026550000)]
  0x000000001dd15000 JavaThread "jar transforms Thread 78" [_thread_blocked, id=9424, stack(0x0000000026350000,0x0000000026450000)]
  0x000000001dd1a800 JavaThread "jar transforms Thread 77" [_thread_blocked, id=8320, stack(0x0000000026250000,0x0000000026350000)]
  0x000000001dd17800 JavaThread "jar transforms Thread 76" [_thread_blocked, id=2296, stack(0x0000000026150000,0x0000000026250000)]
  0x000000001a088800 JavaThread "jar transforms Thread 75" [_thread_blocked, id=5856, stack(0x0000000026050000,0x0000000026150000)]
  0x000000001a087800 JavaThread "jar transforms Thread 74" [_thread_blocked, id=13844, stack(0x0000000025f50000,0x0000000026050000)]
  0x000000001a086000 JavaThread "jar transforms Thread 73" [_thread_blocked, id=14448, stack(0x0000000025e50000,0x0000000025f50000)]
  0x000000001a085800 JavaThread "jar transforms Thread 72" [_thread_blocked, id=8648, stack(0x0000000025d50000,0x0000000025e50000)]
  0x000000001a087000 JavaThread "jar transforms Thread 71" [_thread_blocked, id=4196, stack(0x0000000025c50000,0x0000000025d50000)]
  0x000000001a07e000 JavaThread "jar transforms Thread 70" [_thread_blocked, id=11836, stack(0x0000000025b50000,0x0000000025c50000)]
  0x000000001a084000 JavaThread "jar transforms Thread 69" [_thread_blocked, id=17268, stack(0x0000000025a50000,0x0000000025b50000)]
  0x000000001a084800 JavaThread "jar transforms Thread 68" [_thread_blocked, id=8976, stack(0x0000000025950000,0x0000000025a50000)]
  0x000000001a083000 JavaThread "jar transforms Thread 67" [_thread_blocked, id=32, stack(0x0000000025850000,0x0000000025950000)]
  0x000000001a07c800 JavaThread "jar transforms Thread 66" [_thread_blocked, id=1488, stack(0x0000000025750000,0x0000000025850000)]
  0x000000001a07e800 JavaThread "jar transforms Thread 65" [_thread_blocked, id=17308, stack(0x0000000025650000,0x0000000025750000)]
  0x000000001a082800 JavaThread "jar transforms Thread 64" [_thread_blocked, id=17284, stack(0x0000000025550000,0x0000000025650000)]
  0x000000001a081800 JavaThread "jar transforms Thread 63" [_thread_blocked, id=2412, stack(0x0000000025450000,0x0000000025550000)]
  0x000000001a07b000 JavaThread "jar transforms Thread 62" [_thread_blocked, id=9852, stack(0x0000000025350000,0x0000000025450000)]
  0x000000001a081000 JavaThread "jar transforms Thread 61" [_thread_blocked, id=14880, stack(0x0000000025250000,0x0000000025350000)]
  0x000000001a07d000 JavaThread "jar transforms Thread 60" [_thread_blocked, id=13580, stack(0x0000000025150000,0x0000000025250000)]
  0x000000001a080000 JavaThread "jar transforms Thread 59" [_thread_blocked, id=6112, stack(0x0000000025050000,0x0000000025150000)]
  0x000000001a07b800 JavaThread "jar transforms Thread 58" [_thread_blocked, id=10008, stack(0x0000000024f50000,0x0000000025050000)]
  0x000000001a07f800 JavaThread "jar transforms Thread 57" [_thread_blocked, id=11828, stack(0x0000000024e50000,0x0000000024f50000)]
  0x000000001a07a000 JavaThread "jar transforms Thread 56" [_thread_blocked, id=16656, stack(0x0000000024d50000,0x0000000024e50000)]
  0x000000001a079800 JavaThread "jar transforms Thread 55" [_thread_blocked, id=10804, stack(0x0000000024c50000,0x0000000024d50000)]
  0x000000001934d800 JavaThread "jar transforms Thread 54" [_thread_blocked, id=14808, stack(0x0000000024b50000,0x0000000024c50000)]
  0x000000001934c800 JavaThread "jar transforms Thread 53" [_thread_blocked, id=15356, stack(0x0000000024a50000,0x0000000024b50000)]
  0x000000001934c000 JavaThread "jar transforms Thread 52" [_thread_blocked, id=10984, stack(0x0000000024950000,0x0000000024a50000)]
  0x000000001934b000 JavaThread "jar transforms Thread 51" [_thread_blocked, id=6252, stack(0x0000000024850000,0x0000000024950000)]
  0x000000001934a800 JavaThread "jar transforms Thread 50" [_thread_blocked, id=12384, stack(0x0000000024750000,0x0000000024850000)]
  0x0000000019349800 JavaThread "jar transforms Thread 49" [_thread_blocked, id=12852, stack(0x0000000024650000,0x0000000024750000)]
  0x0000000019349000 JavaThread "jar transforms Thread 48" [_thread_blocked, id=13676, stack(0x0000000024550000,0x0000000024650000)]
  0x0000000019341000 JavaThread "jar transforms Thread 47" [_thread_blocked, id=2880, stack(0x0000000024450000,0x0000000024550000)]
  0x0000000019348000 JavaThread "jar transforms Thread 46" [_thread_blocked, id=16776, stack(0x0000000024350000,0x0000000024450000)]
  0x0000000019340800 JavaThread "jar transforms Thread 45" [_thread_blocked, id=9520, stack(0x0000000024250000,0x0000000024350000)]
  0x0000000019347800 JavaThread "jar transforms Thread 44" [_thread_blocked, id=8396, stack(0x0000000024150000,0x0000000024250000)]
  0x0000000019346800 JavaThread "jar transforms Thread 43" [_thread_blocked, id=13548, stack(0x0000000024050000,0x0000000024150000)]
  0x000000001933f000 JavaThread "jar transforms Thread 42" [_thread_blocked, id=15788, stack(0x0000000023f50000,0x0000000024050000)]
  0x0000000019346000 JavaThread "jar transforms Thread 41" [_thread_blocked, id=244, stack(0x0000000023e50000,0x0000000023f50000)]
  0x000000001933e000 JavaThread "jar transforms Thread 40" [_thread_blocked, id=14676, stack(0x0000000023d50000,0x0000000023e50000)]
  0x0000000019344800 JavaThread "jar transforms Thread 39" [_thread_blocked, id=11728, stack(0x0000000023c50000,0x0000000023d50000)]
  0x0000000019342800 JavaThread "jar transforms Thread 38" [_thread_blocked, id=8908, stack(0x0000000023b50000,0x0000000023c50000)]
  0x0000000019342000 JavaThread "jar transforms Thread 37" [_thread_blocked, id=11804, stack(0x0000000023a50000,0x0000000023b50000)]
  0x000000001933f800 JavaThread "jar transforms Thread 36" [_thread_blocked, id=15324, stack(0x0000000023950000,0x0000000023a50000)]
  0x0000000019345000 JavaThread "jar transforms Thread 35" [_thread_blocked, id=2716, stack(0x0000000023850000,0x0000000023950000)]
  0x0000000019343800 JavaThread "jar transforms Thread 34" [_thread_blocked, id=16124, stack(0x0000000023750000,0x0000000023850000)]
  0x000000001dab2000 JavaThread "jar transforms Thread 33" [_thread_blocked, id=7156, stack(0x0000000023650000,0x0000000023750000)]
  0x000000001daaf800 JavaThread "jar transforms Thread 32" [_thread_blocked, id=14600, stack(0x0000000023550000,0x0000000023650000)]
  0x000000001daad800 JavaThread "jar transforms Thread 31" [_thread_blocked, id=16624, stack(0x0000000023450000,0x0000000023550000)]
  0x000000001daac800 JavaThread "jar transforms Thread 30" [_thread_blocked, id=12880, stack(0x0000000023350000,0x0000000023450000)]
  0x000000001dab1000 JavaThread "jar transforms Thread 29" [_thread_blocked, id=13508, stack(0x0000000023250000,0x0000000023350000)]
  0x000000001daaf000 JavaThread "jar transforms Thread 28" [_thread_blocked, id=16744, stack(0x0000000023150000,0x0000000023250000)]
  0x000000001daac000 JavaThread "jar transforms Thread 27" [_thread_blocked, id=5764, stack(0x0000000023050000,0x0000000023150000)]
  0x000000001dab0800 JavaThread "jar transforms Thread 26" [_thread_blocked, id=3236, stack(0x0000000022f50000,0x0000000023050000)]
  0x000000001daae000 JavaThread "jar transforms Thread 25" [_thread_blocked, id=10460, stack(0x0000000022e50000,0x0000000022f50000)]
  0x000000001daa4800 JavaThread "jar transforms Thread 24" [_thread_blocked, id=15116, stack(0x0000000022d50000,0x0000000022e50000)]
  0x000000001daab000 JavaThread "jar transforms Thread 23" [_thread_blocked, id=2492, stack(0x0000000022c50000,0x0000000022d50000)]
  0x000000001daa3800 JavaThread "jar transforms Thread 22" [_thread_blocked, id=8268, stack(0x0000000022b50000,0x0000000022c50000)]
  0x000000001daaa800 JavaThread "jar transforms Thread 21" [_thread_blocked, id=15944, stack(0x0000000022a50000,0x0000000022b50000)]
  0x000000001daa8000 JavaThread "jar transforms Thread 20" [_thread_blocked, id=15928, stack(0x0000000022950000,0x0000000022a50000)]
  0x000000001daa9800 JavaThread "jar transforms Thread 19" [_thread_blocked, id=16588, stack(0x0000000022850000,0x0000000022950000)]
  0x000000001daa9000 JavaThread "jar transforms Thread 18" [_thread_blocked, id=2176, stack(0x0000000022750000,0x0000000022850000)]
  0x000000001daa3000 JavaThread "jar transforms Thread 17" [_thread_blocked, id=6052, stack(0x0000000022650000,0x0000000022750000)]
  0x000000001daa7800 JavaThread "jar transforms Thread 16" [_thread_blocked, id=16072, stack(0x0000000022550000,0x0000000022650000)]
  0x000000001daa6800 JavaThread "jar transforms Thread 15" [_thread_blocked, id=16144, stack(0x0000000022350000,0x0000000022450000)]
  0x000000001daa6000 JavaThread "jar transforms Thread 14" [_thread_blocked, id=7864, stack(0x0000000022250000,0x0000000022350000)]
  0x000000001daa5000 JavaThread "jar transforms Thread 13" [_thread_blocked, id=13860, stack(0x0000000022150000,0x0000000022250000)]
  0x0000000019d73800 JavaThread "jar transforms Thread 12" [_thread_blocked, id=17348, stack(0x0000000022050000,0x0000000022150000)]
  0x0000000019d72800 JavaThread "jar transforms Thread 11" [_thread_blocked, id=16108, stack(0x0000000021f50000,0x0000000022050000)]
  0x0000000019d71000 JavaThread "jar transforms Thread 10" [_thread_blocked, id=8864, stack(0x0000000021e50000,0x0000000021f50000)]
  0x0000000019d6e800 JavaThread "jar transforms Thread 9" [_thread_blocked, id=11272, stack(0x0000000021d50000,0x0000000021e50000)]
  0x0000000019d72000 JavaThread "jar transforms Thread 8" [_thread_blocked, id=4816, stack(0x0000000021c50000,0x0000000021d50000)]
  0x0000000019d70800 JavaThread "jar transforms Thread 7" [_thread_blocked, id=1504, stack(0x0000000021b50000,0x0000000021c50000)]
  0x0000000019d6e000 JavaThread "jar transforms Thread 6" [_thread_blocked, id=768, stack(0x0000000021a50000,0x0000000021b50000)]
  0x0000000019d6f800 JavaThread "jar transforms Thread 5" [_thread_blocked, id=13892, stack(0x0000000021950000,0x0000000021a50000)]
  0x0000000019d66800 JavaThread "jar transforms Thread 4" [_thread_blocked, id=1184, stack(0x0000000021850000,0x0000000021950000)]
  0x0000000019d6d000 JavaThread "jar transforms Thread 3" [_thread_blocked, id=10580, stack(0x0000000021750000,0x0000000021850000)]
  0x0000000019d65800 JavaThread "jar transforms Thread 2" [_thread_blocked, id=16284, stack(0x0000000021650000,0x0000000021750000)]
  0x0000000019d6c800 JavaThread "Build operations Thread 4" [_thread_blocked, id=7008, stack(0x0000000021550000,0x0000000021650000)]
  0x0000000019d6b800 JavaThread "Build operations Thread 3" [_thread_blocked, id=15844, stack(0x0000000021450000,0x0000000021550000)]
  0x0000000019d6b000 JavaThread "Build operations Thread 2" [_thread_blocked, id=4732, stack(0x0000000021350000,0x0000000021450000)]
  0x0000000019d6a000 JavaThread "Build operations" [_thread_blocked, id=3368, stack(0x0000000021250000,0x0000000021350000)]
  0x0000000019d67000 JavaThread "Cache worker for file content cache (C:\Users\huilo\.gradle\caches\6.5\fileContent)" [_thread_blocked, id=17108, stack(0x0000000020b50000,0x0000000020c50000)]
  0x00000000178b9000 JavaThread "jar transforms" [_thread_blocked, id=1516, stack(0x0000000020a50000,0x0000000020b50000)]
  0x00000000178bc000 JavaThread "Cache worker for execution history cache (C:\Users\huilo\.gradle\caches\6.5\executionHistory)" [_thread_blocked, id=1428, stack(0x0000000020350000,0x0000000020450000)]
  0x00000000178bb000 JavaThread "Cache worker for cache directory md-rule (C:\Users\huilo\.gradle\caches\6.5\md-rule)" [_thread_blocked, id=4536, stack(0x0000000020250000,0x0000000020350000)]
  0x00000000178bc800 JavaThread "Cache worker for cache directory md-supplier (C:\Users\huilo\.gradle\caches\6.5\md-supplier)" [_thread_blocked, id=17088, stack(0x0000000020150000,0x0000000020250000)]
  0x00000000178ba800 JavaThread "Cache worker for checksums cache (D:\3175_android\FoodOLife\.gradle\checksums)" [_thread_blocked, id=11208, stack(0x000000001ee00000,0x000000001ef00000)]
  0x00000000178b8000 JavaThread "Cache worker for file hash cache (D:\3175_android\FoodOLife\.gradle\6.5\fileHashes)" [_thread_blocked, id=13204, stack(0x000000001ed00000,0x000000001ee00000)]
  0x00000000178b9800 JavaThread "Cache worker for file hash cache (C:\Users\huilo\.gradle\caches\6.5\fileHashes)" [_thread_blocked, id=5492, stack(0x000000001d830000,0x000000001d930000)]
  0x00000000178b7800 JavaThread "File lock request listener" [_thread_in_native, id=7940, stack(0x000000001d730000,0x000000001d830000)]
  0x00000000178b6800 JavaThread "Cache worker for journal cache (C:\Users\huilo\.gradle\caches\journal-1)" [_thread_blocked, id=5452, stack(0x000000001d630000,0x000000001d730000)]
  0x0000000019e71000 JavaThread "Thread-9" [_thread_blocked, id=4596, stack(0x000000001d330000,0x000000001d430000)]
  0x000000001950d000 JavaThread "Stdin handler" [_thread_blocked, id=9328, stack(0x000000001d230000,0x000000001d330000)]
  0x000000001950a800 JavaThread "Asynchronous log dispatcher for DefaultDaemonConnection: socket connection from /127.0.0.1:56430 to /127.0.0.1:56431" [_thread_blocked, id=7988, stack(0x000000001d130000,0x000000001d230000)]
  0x0000000019508000 JavaThread "Daemon worker" [_thread_in_vm, id=14912, stack(0x000000001d030000,0x000000001d130000)]
  0x0000000019506800 JavaThread "Cancel handler" [_thread_blocked, id=1068, stack(0x000000001cf30000,0x000000001d030000)]
  0x0000000019529000 JavaThread "Handler for socket connection from /127.0.0.1:56430 to /127.0.0.1:56431" [_thread_in_native, id=9576, stack(0x000000001ce30000,0x000000001cf30000)]
  0x0000000019524000 JavaThread "Daemon" [_thread_blocked, id=7512, stack(0x000000001cd30000,0x000000001ce30000)]
  0x000000001b25b800 JavaThread "Daemon periodic checks" [_thread_blocked, id=2652, stack(0x000000001ca30000,0x000000001cb30000)]
  0x000000001a005000 JavaThread "Incoming local TCP Connector on port 56430" [_thread_in_native, id=11120, stack(0x000000001c7f0000,0x000000001c8f0000)]
  0x000000001adaa000 JavaThread "Daemon health stats" [_thread_blocked, id=15276, stack(0x000000001c1b0000,0x000000001c2b0000)]
  0x0000000019243000 JavaThread "Service Thread" daemon [_thread_blocked, id=1628, stack(0x0000000019610000,0x0000000019710000)]
  0x00000000178b6000 JavaThread "C1 CompilerThread2" daemon [_thread_blocked, id=1524, stack(0x0000000019110000,0x0000000019210000)]
  0x00000000178b1000 JavaThread "C2 CompilerThread1" daemon [_thread_in_native, id=16352, stack(0x0000000019010000,0x0000000019110000)]
=>0x00000000178a6800 JavaThread "C2 CompilerThread0" daemon [_thread_in_native, id=13344, stack(0x0000000018f10000,0x0000000019010000)]
  0x00000000178a4000 JavaThread "Attach Listener" daemon [_thread_blocked, id=13792, stack(0x0000000018e10000,0x0000000018f10000)]
  0x00000000178a1000 JavaThread "Signal Dispatcher" daemon [_thread_blocked, id=6280, stack(0x0000000018d10000,0x0000000018e10000)]
  0x0000000002bab000 JavaThread "Finalizer" daemon [_thread_blocked, id=13624, stack(0x0000000018b10000,0x0000000018c10000)]
  0x0000000017889000 JavaThread "Reference Handler" daemon [_thread_blocked, id=2984, stack(0x0000000018a10000,0x0000000018b10000)]
  0x0000000002c7e800 JavaThread "main" [_thread_blocked, id=16504, stack(0x00000000029a0000,0x0000000002aa0000)]

Other Threads:
  0x0000000017866800 VMThread [stack: 0x0000000018910000,0x0000000018a10000] [id=13520]
  0x0000000019243800 WatcherThread [stack: 0x0000000019710000,0x0000000019810000] [id=9480]

VM state:not at safepoint (normal execution)

VM Mutex/Monitor currently owned by a thread: None

heap address: 0x0000000080000000, size: 2048 MB, Compressed Oops mode: 32-bit
Narrow klass base: 0x0000000000000000, Narrow klass shift: 3
Compressed class space size: 1073741824 Address: 0x0000000100000000

Heap:
 PSYoungGen      total 130048K, used 77295K [0x00000000d5580000, 0x00000000dec80000, 0x0000000100000000)
  eden space 123904K, 57% used [0x00000000d5580000,0x00000000d9b6cce0,0x00000000dce80000)
  from space 6144K, 92% used [0x00000000de680000,0x00000000dec0eff0,0x00000000dec80000)
  to   space 11776K, 0% used [0x00000000dd580000,0x00000000dd580000,0x00000000de100000)
 ParOldGen       total 69120K, used 13586K [0x0000000080000000, 0x0000000084380000, 0x00000000d5580000)
  object space 69120K, 19% used [0x0000000080000000,0x0000000080d44b98,0x0000000084380000)
 Metaspace       used 44101K, capacity 45884K, committed 46120K, reserved 1089536K
  class space    used 5967K, capacity 6365K, committed 6448K, reserved 1048576K

Card table byte_map: [0x0000000012040000,0x0000000012450000] byte_map_base: 0x0000000011c40000

Marking Bits: (ParMarkBitMap*) 0x000000005b9cf030
 Begin Bits: [0x0000000012b00000, 0x0000000014b00000)
 End Bits:   [0x0000000014b00000, 0x0000000016b00000)

Polling page: 0x0000000001360000

CodeCache: size=245760Kb used=12933Kb max_used=12933Kb free=232826Kb
 bounds [0x0000000002c80000, 0x0000000003930000, 0x0000000011c80000]
 total_blobs=4498 nmethods=3765 adapters=646
 compilation: enabled

Compilation events (10 events):
Event: 21.508 Thread 0x00000000178b6000 4064       3       com.google.common.collect.LinkedHashMultimap$ValueEntry::setSuccessorInValueSet (6 bytes)
Event: 21.508 Thread 0x00000000178b6000 nmethod 4064 0x00000000039273d0 code [0x0000000003927520, 0x0000000003927690]
Event: 21.508 Thread 0x00000000178b6000 4065       3       com.google.common.collect.LinkedHashMultimap::createCollection (14 bytes)
Event: 21.508 Thread 0x00000000178b6000 nmethod 4065 0x0000000003926f90 code [0x0000000003927100, 0x0000000003927308]
Event: 21.508 Thread 0x00000000178b6000 4066       3       com.google.common.collect.LinkedHashMultimap$ValueSet::<init> (55 bytes)
Event: 21.509 Thread 0x00000000178b6000 nmethod 4066 0x00000000039267d0 code [0x0000000003926980, 0x0000000003926d88]
Event: 21.514 Thread 0x00000000178b1000 4067       4       org.objectweb.asm.Frame::getAbstractTypeFromDescriptor (415 bytes)
Event: 21.518 Thread 0x00000000178b6000 4068       3       org.gradle.internal.service.DefaultServiceRegistry::serviceRequested (42 bytes)
Event: 21.521 Thread 0x00000000178b6000 nmethod 4068 0x0000000003927ad0 code [0x0000000003927d40, 0x0000000003928f68]
Event: 21.521 Thread 0x00000000178b6000 4069       3       org.gradle.internal.service.DefaultServiceRegistry::noLongerMutable (24 bytes)

GC Heap History (10 events):
Event: 12.398 GC heap before
{Heap before GC invocations=10 (full 1):
 PSYoungGen      total 67072K, used 63177K [0x00000000d5580000, 0x00000000da580000, 0x0000000100000000)
  eden space 60416K, 100% used [0x00000000d5580000,0x00000000d9080000,0x00000000d9080000)
  from space 6656K, 41% used [0x00000000d9f00000,0x00000000da1b2550,0x00000000da580000)
  to   space 10752K, 0% used [0x00000000d9080000,0x00000000d9080000,0x00000000d9b00000)
 ParOldGen       total 50176K, used 8605K [0x0000000080000000, 0x0000000083100000, 0x00000000d5580000)
  object space 50176K, 17% used [0x0000000080000000,0x00000000808676d0,0x0000000083100000)
 Metaspace       used 30900K, capacity 31842K, committed 32048K, reserved 1077248K
  class space    used 4178K, capacity 4400K, committed 4400K, reserved 1048576K
Event: 12.423 GC heap after
Heap after GC invocations=10 (full 1):
 PSYoungGen      total 71168K, used 8798K [0x00000000d5580000, 0x00000000dc500000, 0x0000000100000000)
  eden space 60416K, 0% used [0x00000000d5580000,0x00000000d5580000,0x00000000d9080000)
  from space 10752K, 81% used [0x00000000d9080000,0x00000000d9917a70,0x00000000d9b00000)
  to   space 11776K, 0% used [0x00000000db980000,0x00000000db980000,0x00000000dc500000)
 ParOldGen       total 50176K, used 8613K [0x0000000080000000, 0x0000000083100000, 0x00000000d5580000)
  object space 50176K, 17% used [0x0000000080000000,0x00000000808696d0,0x0000000083100000)
 Metaspace       used 30900K, capacity 31842K, committed 32048K, reserved 1077248K
  class space    used 4178K, capacity 4400K, committed 4400K, reserved 1048576K
}
Event: 15.200 GC heap before
{Heap before GC invocations=11 (full 1):
 PSYoungGen      total 71168K, used 69214K [0x00000000d5580000, 0x00000000dc500000, 0x0000000100000000)
  eden space 60416K, 100% used [0x00000000d5580000,0x00000000d9080000,0x00000000d9080000)
  from space 10752K, 81% used [0x00000000d9080000,0x00000000d9917a70,0x00000000d9b00000)
  to   space 11776K, 0% used [0x00000000db980000,0x00000000db980000,0x00000000dc500000)
 ParOldGen       total 50176K, used 8613K [0x0000000080000000, 0x0000000083100000, 0x00000000d5580000)
  object space 50176K, 17% used [0x0000000080000000,0x00000000808696d0,0x0000000083100000)
 Metaspace       used 33973K, capacity 35170K, committed 35248K, reserved 1079296K
  class space    used 4663K, capacity 4966K, committed 5040K, reserved 1048576K
Event: 15.219 GC heap after
Heap after GC invocations=11 (full 1):
 PSYoungGen      total 101376K, used 8704K [0x00000000d5580000, 0x00000000dc500000, 0x0000000100000000)
  eden space 89600K, 0% used [0x00000000d5580000,0x00000000d5580000,0x00000000dad00000)
  from space 11776K, 73% used [0x00000000db980000,0x00000000dc2001b8,0x00000000dc500000)
  to   space 12288K, 0% used [0x00000000dad00000,0x00000000dad00000,0x00000000db900000)
 ParOldGen       total 50176K, used 9311K [0x0000000080000000, 0x0000000083100000, 0x00000000d5580000)
  object space 50176K, 18% used [0x0000000080000000,0x0000000080917c58,0x0000000083100000)
 Metaspace       used 33973K, capacity 35170K, committed 35248K, reserved 1079296K
  class space    used 4663K, capacity 4966K, committed 5040K, reserved 1048576K
}
Event: 15.334 GC heap before
{Heap before GC invocations=12 (full 1):
 PSYoungGen      total 101376K, used 17198K [0x00000000d5580000, 0x00000000dc500000, 0x0000000100000000)
  eden space 89600K, 9% used [0x00000000d5580000,0x00000000d5dcb718,0x00000000dad00000)
  from space 11776K, 73% used [0x00000000db980000,0x00000000dc2001b8,0x00000000dc500000)
  to   space 12288K, 0% used [0x00000000dad00000,0x00000000dad00000,0x00000000db900000)
 ParOldGen       total 50176K, used 9311K [0x0000000080000000, 0x0000000083100000, 0x00000000d5580000)
  object space 50176K, 18% used [0x0000000080000000,0x0000000080917c58,0x0000000083100000)
 Metaspace       used 34317K, capacity 35414K, committed 35496K, reserved 1079296K
  class space    used 4722K, capacity 5002K, committed 5040K, reserved 1048576K
Event: 15.348 GC heap after
Heap after GC invocations=12 (full 1):
 PSYoungGen      total 101888K, used 588K [0x00000000d5580000, 0x00000000df280000, 0x0000000100000000)
  eden space 89600K, 0% used [0x00000000d5580000,0x00000000d5580000,0x00000000dad00000)
  from space 12288K, 4% used [0x00000000dad00000,0x00000000dad93360,0x00000000db900000)
  to   space 12288K, 0% used [0x00000000de680000,0x00000000de680000,0x00000000df280000)
 ParOldGen       total 50176K, used 15250K [0x0000000080000000, 0x0000000083100000, 0x00000000d5580000)
  object space 50176K, 30% used [0x0000000080000000,0x0000000080ee4ba8,0x0000000083100000)
 Metaspace       used 34317K, capacity 35414K, committed 35496K, reserved 1079296K
  class space    used 4722K, capacity 5002K, committed 5040K, reserved 1048576K
}
Event: 15.348 GC heap before
{Heap before GC invocations=13 (full 2):
 PSYoungGen      total 101888K, used 588K [0x00000000d5580000, 0x00000000df280000, 0x0000000100000000)
  eden space 89600K, 0% used [0x00000000d5580000,0x00000000d5580000,0x00000000dad00000)
  from space 12288K, 4% used [0x00000000dad00000,0x00000000dad93360,0x00000000db900000)
  to   space 12288K, 0% used [0x00000000de680000,0x00000000de680000,0x00000000df280000)
 ParOldGen       total 50176K, used 15250K [0x0000000080000000, 0x0000000083100000, 0x00000000d5580000)
  object space 50176K, 30% used [0x0000000080000000,0x0000000080ee4ba8,0x0000000083100000)
 Metaspace       used 34317K, capacity 35414K, committed 35496K, reserved 1079296K
  class space    used 4722K, capacity 5002K, committed 5040K, reserved 1048576K
Event: 15.609 GC heap after
Heap after GC invocations=13 (full 2):
 PSYoungGen      total 101888K, used 0K [0x00000000d5580000, 0x00000000df280000, 0x0000000100000000)
  eden space 89600K, 0% used [0x00000000d5580000,0x00000000d5580000,0x00000000dad00000)
  from space 12288K, 0% used [0x00000000dad00000,0x00000000dad00000,0x00000000db900000)
  to   space 12288K, 0% used [0x00000000de680000,0x00000000de680000,0x00000000df280000)
 ParOldGen       total 69120K, used 13578K [0x0000000080000000, 0x0000000084380000, 0x00000000d5580000)
  object space 69120K, 19% used [0x0000000080000000,0x0000000080d42b98,0x0000000084380000)
 Metaspace       used 34317K, capacity 35414K, committed 35496K, reserved 1079296K
  class space    used 4722K, capacity 5002K, committed 5040K, reserved 1048576K
}
Event: 18.228 GC heap before
{Heap before GC invocations=14 (full 2):
 PSYoungGen      total 101888K, used 89600K [0x00000000d5580000, 0x00000000df280000, 0x0000000100000000)
  eden space 89600K, 100% used [0x00000000d5580000,0x00000000dad00000,0x00000000dad00000)
  from space 12288K, 0% used [0x00000000dad00000,0x00000000dad00000,0x00000000db900000)
  to   space 12288K, 0% used [0x00000000de680000,0x00000000de680000,0x00000000df280000)
 ParOldGen       total 69120K, used 13578K [0x0000000080000000, 0x0000000084380000, 0x00000000d5580000)
  object space 69120K, 19% used [0x0000000080000000,0x0000000080d42b98,0x0000000084380000)
 Metaspace       used 36534K, capacity 37920K, committed 38184K, reserved 1081344K
  class space    used 5014K, capacity 5325K, committed 5424K, reserved 1048576K
Event: 18.278 GC heap after
Heap after GC invocations=14 (full 2):
 PSYoungGen      total 130048K, used 5691K [0x00000000d5580000, 0x00000000dec80000, 0x0000000100000000)
  eden space 123904K, 0% used [0x00000000d5580000,0x00000000d5580000,0x00000000dce80000)
  from space 6144K, 92% used [0x00000000de680000,0x00000000dec0eff0,0x00000000dec80000)
  to   space 11776K, 0% used [0x00000000dd580000,0x00000000dd580000,0x00000000de100000)
 ParOldGen       total 69120K, used 13586K [0x0000000080000000, 0x0000000084380000, 0x00000000d5580000)
  object space 69120K, 19% used [0x0000000080000000,0x0000000080d44b98,0x0000000084380000)
 Metaspace       used 36534K, capacity 37920K, committed 38184K, reserved 1081344K
  class space    used 5014K, capacity 5325K, committed 5424K, reserved 1048576K
}

Deoptimization events (10 events):
Event: 18.126 Thread 0x0000000019508000 Uncommon trap: reason=unstable_if action=reinterpret pc=0x0000000003132714 method=java.util.WeakHashMap.expungeStaleEntries()V @ 66
Event: 18.585 Thread 0x0000000019508000 Uncommon trap: reason=unstable_if action=reinterpret pc=0x0000000002fdb710 method=java.util.regex.Pattern.has(I)Z @ 6
Event: 18.843 Thread 0x0000000019508000 Uncommon trap: reason=bimorphic action=maybe_recompile pc=0x000000000360c728 method=java.lang.ClassLoader.getPackage(Ljava/lang/String;)Ljava/lang/Package; @ 47
Event: 18.843 Thread 0x0000000019508000 Uncommon trap: reason=bimorphic action=maybe_recompile pc=0x000000000360c728 method=java.lang.ClassLoader.getPackage(Ljava/lang/String;)Ljava/lang/Package; @ 47
Event: 18.843 Thread 0x0000000019508000 Uncommon trap: reason=bimorphic action=maybe_recompile pc=0x000000000360c728 method=java.lang.ClassLoader.getPackage(Ljava/lang/String;)Ljava/lang/Package; @ 47
Event: 18.843 Thread 0x0000000019508000 Uncommon trap: reason=bimorphic action=maybe_recompile pc=0x000000000360c728 method=java.lang.ClassLoader.getPackage(Ljava/lang/String;)Ljava/lang/Package; @ 47
Event: 19.428 Thread 0x0000000019508000 Uncommon trap: reason=unstable_if action=reinterpret pc=0x0000000002df6034 method=java.io.BufferedInputStream.read([BII)I @ 56
Event: 20.481 Thread 0x0000000019508000 Uncommon trap: reason=unstable_if action=reinterpret pc=0x00000000035b1e9c method=org.objectweb.asm.ByteVector.putUTF8(Ljava/lang/String;)Lorg/objectweb/asm/ByteVector; @ 93
Event: 20.540 Thread 0x0000000019508000 Uncommon trap: reason=unstable_if action=reinterpret pc=0x0000000003350e28 method=org.objectweb.asm.ByteVector.putUTF8(Ljava/lang/String;)Lorg/objectweb/asm/ByteVector; @ 93
Event: 20.662 Thread 0x0000000019508000 Uncommon trap: reason=predicate action=maybe_recompile pc=0x0000000003836424 method=java.util.Arrays.binarySearch0([Ljava/lang/Object;IILjava/lang/Object;Ljava/util/Comparator;)I @ 28

Classes redefined (0 events):
No events

Internal exceptions (10 events):
Event: 18.644 Thread 0x0000000019e71000 Exception <a 'java/lang/NoSuchMethodError': <clinit>> (0x00000000d6312610) thrown at [C:\src\AOSP-openjdk-git\hotspot\src\share\vm\prims\jni.cpp, line 1615]
Event: 18.645 Thread 0x0000000019e71000 Exception <a 'java/lang/NoSuchMethodError': <clinit>> (0x00000000d6313f08) thrown at [C:\src\AOSP-openjdk-git\hotspot\src\share\vm\prims\jni.cpp, line 1615]
Event: 18.648 Thread 0x0000000019e71000 Exception <a 'java/lang/NoSuchMethodError': <clinit>> (0x00000000d6315430) thrown at [C:\src\AOSP-openjdk-git\hotspot\src\share\vm\prims\jni.cpp, line 1615]
Event: 18.649 Thread 0x0000000019e71000 Exception <a 'java/lang/NoSuchMethodError': <clinit>> (0x00000000d631f6a0) thrown at [C:\src\AOSP-openjdk-git\hotspot\src\share\vm\prims\jni.cpp, line 1615]
Event: 18.661 Thread 0x0000000019e71000 Exception <a 'java/lang/NoSuchMethodError': <clinit>> (0x00000000d632a790) thrown at [C:\src\AOSP-openjdk-git\hotspot\src\share\vm\prims\jni.cpp, line 1615]
Event: 18.669 Thread 0x0000000019e71000 Exception <a 'java/lang/NoSuchMethodError': <clinit>> (0x00000000d633dba0) thrown at [C:\src\AOSP-openjdk-git\hotspot\src\share\vm\prims\jni.cpp, line 1615]
Event: 18.764 Thread 0x0000000019508000 Exception <a 'java/lang/ClassNotFoundException': build_1fyfy20xc5myyziklommci4rfBeanInfo> (0x00000000d62b9cc8) thrown at [C:\src\AOSP-openjdk-git\hotspot\src\share\vm\classfile\systemDictionary.cpp, line 210]
Event: 18.767 Thread 0x0000000019508000 Exception <a 'java/lang/ClassNotFoundException': build_1fyfy20xc5myyziklommci4rfCustomizer> (0x00000000d62c5908) thrown at [C:\src\AOSP-openjdk-git\hotspot\src\share\vm\classfile\systemDictionary.cpp, line 210]
Event: 18.830 Thread 0x0000000019508000 Exception <a 'java/lang/ClassNotFoundException': org/gradle/api/internal/plugins/DefaultObjectConfigurationActionBeanInfo> (0x00000000d63f81c8) thrown at [C:\src\AOSP-openjdk-git\hotspot\src\share\vm\classfile\systemDictionary.cpp, line 210]
Event: 18.833 Thread 0x0000000019508000 Exception <a 'java/lang/ClassNotFoundException': org/gradle/api/internal/plugins/DefaultObjectConfigurationActionCustomizer> (0x00000000d643c1a8) thrown at [C:\src\AOSP-openjdk-git\hotspot\src\share\vm\classfile\systemDictionary.cpp, line 210]

Events (10 events):
Event: 21.473 loading class org/gradle/api/reporting/ReportingExtension
Event: 21.473 loading class org/gradle/api/reporting/ReportingExtension done
Event: 21.489 loading class org/gradle/api/java/archives/Manifest
Event: 21.489 loading class org/gradle/api/java/archives/Manifest done
Event: 21.490 loading class org/gradle/api/internal/tasks/DefaultSourceSetContainer
Event: 21.490 loading class org/gradle/api/internal/tasks/DefaultSourceSetContainer done
Event: 21.492 loading class org/gradle/api/tasks/SourceSetContainer
Event: 21.492 loading class org/gradle/api/tasks/SourceSetContainer done
Event: 21.518 loading class org/gradle/api/internal/tasks/DefaultSourceSetContainer$1
Event: 21.518 loading class org/gradle/api/internal/tasks/DefaultSourceSetContainer$1 done


Dynamic libraries:
0x00007ff793e70000 - 0x00007ff793ea1000 	C:\Program Files\Android\Android Studio\jre\bin\java.exe
0x00007ffdf4010000 - 0x00007ffdf4206000 	C:\Windows\SYSTEM32\ntdll.dll
0x00007ffdf3380000 - 0x00007ffdf343d000 	C:\Windows\System32\KERNEL32.DLL
0x00007ffdf1750000 - 0x00007ffdf1a18000 	C:\Windows\System32\KERNELBASE.dll
0x00007ffdf21a0000 - 0x00007ffdf224c000 	C:\Windows\System32\ADVAPI32.dll
0x00007ffdf3100000 - 0x00007ffdf319e000 	C:\Windows\System32\msvcrt.dll
0x00007ffdf3ac0000 - 0x00007ffdf3b5b000 	C:\Windows\System32\sechost.dll
0x00007ffdf2070000 - 0x00007ffdf2194000 	C:\Windows\System32\RPCRT4.dll
0x00007ffdf3530000 - 0x00007ffdf36d0000 	C:\Windows\System32\USER32.dll
0x00007ffdf1b60000 - 0x00007ffdf1b82000 	C:\Windows\System32\win32u.dll
0x00007ffdf3880000 - 0x00007ffdf38aa000 	C:\Windows\System32\GDI32.dll
0x00007ffdf1a20000 - 0x00007ffdf1b29000 	C:\Windows\System32\gdi32full.dll
0x00007ffdf1b90000 - 0x00007ffdf1c2d000 	C:\Windows\System32\msvcp_win.dll
0x00007ffdf1ec0000 - 0x00007ffdf1fc0000 	C:\Windows\System32\ucrtbase.dll
0x00007ffddebb0000 - 0x00007ffddee4b000 	C:\Windows\WinSxS\amd64_microsoft.windows.common-controls_6595b64144ccf1df_6.0.19041.488_none_ca04af081b815d21\COMCTL32.dll
0x00007ffdf30b0000 - 0x00007ffdf30e0000 	C:\Windows\System32\IMM32.DLL
0x000000005bd40000 - 0x000000005be12000 	C:\Program Files\Android\Android Studio\jre\jre\bin\msvcr100.dll
0x000000005b200000 - 0x000000005ba4b000 	C:\Program Files\Android\Android Studio\jre\jre\bin\server\jvm.dll
0x00007ffdf3250000 - 0x00007ffdf3258000 	C:\Windows\System32\PSAPI.DLL
0x00007ffdde470000 - 0x00007ffdde479000 	C:\Windows\SYSTEM32\WSOCK32.dll
0x00007ffdf3a50000 - 0x00007ffdf3abb000 	C:\Windows\System32\WS2_32.dll
0x00007ffde0550000 - 0x00007ffde0577000 	C:\Windows\SYSTEM32\WINMM.dll
0x00007ffde95d0000 - 0x00007ffde95da000 	C:\Windows\SYSTEM32\VERSION.dll
0x00007ffdeb640000 - 0x00007ffdeb64f000 	C:\Program Files\Android\Android Studio\jre\jre\bin\verify.dll
0x00007ffdeb120000 - 0x00007ffdeb149000 	C:\Program Files\Android\Android Studio\jre\jre\bin\java.dll
0x00007ffdeb620000 - 0x00007ffdeb636000 	C:\Program Files\Android\Android Studio\jre\jre\bin\zip.dll
0x00007ffdf25b0000 - 0x00007ffdf2cf1000 	C:\Windows\System32\SHELL32.dll
0x00007ffdef510000 - 0x00007ffdefca5000 	C:\Windows\SYSTEM32\windows.storage.dll
0x00007ffdf2250000 - 0x00007ffdf25a5000 	C:\Windows\System32\combase.dll
0x00007ffdf11c0000 - 0x00007ffdf11ec000 	C:\Windows\SYSTEM32\Wldp.dll
0x00007ffdf39a0000 - 0x00007ffdf3a4e000 	C:\Windows\System32\SHCORE.dll
0x00007ffdf38b0000 - 0x00007ffdf3905000 	C:\Windows\System32\shlwapi.dll
0x00007ffdf1680000 - 0x00007ffdf16a6000 	C:\Windows\SYSTEM32\profapi.dll
0x00007ffdeb570000 - 0x00007ffdeb58a000 	C:\Program Files\Android\Android Studio\jre\jre\bin\net.dll
0x00007ffdf0f40000 - 0x00007ffdf0faa000 	C:\Windows\system32\mswsock.dll
0x00007ffdeb500000 - 0x00007ffdeb513000 	C:\Program Files\Android\Android Studio\jre\jre\bin\nio.dll
0x00007ffdd24b0000 - 0x00007ffdd24d7000 	C:\Users\huilo\.gradle\native\f6784746aeab05261644944871eae4fe03e0ef1612fff0a4a95f87b438bc6780\windows-amd64\native-platform.dll
0x00007ffdeb600000 - 0x00007ffdeb60d000 	C:\Program Files\Android\Android Studio\jre\jre\bin\management.dll
0x00007ffdf1120000 - 0x00007ffdf1138000 	C:\Windows\SYSTEM32\CRYPTSP.dll
0x00007ffdf0820000 - 0x00007ffdf0854000 	C:\Windows\system32\rsaenh.dll
0x00007ffdf1b30000 - 0x00007ffdf1b57000 	C:\Windows\System32\bcrypt.dll
0x00007ffdf1600000 - 0x00007ffdf162e000 	C:\Windows\SYSTEM32\USERENV.dll
0x00007ffdf1e40000 - 0x00007ffdf1ebf000 	C:\Windows\System32\bcryptprimitives.dll
0x00007ffdf1110000 - 0x00007ffdf111c000 	C:\Windows\SYSTEM32\CRYPTBASE.dll
0x00007ffdf0bb0000 - 0x00007ffdf0beb000 	C:\Windows\SYSTEM32\IPHLPAPI.DLL
0x00007ffdf3520000 - 0x00007ffdf3528000 	C:\Windows\System32\NSI.dll
0x00007ffdef050000 - 0x00007ffdef067000 	C:\Windows\SYSTEM32\dhcpcsvc6.DLL
0x00007ffdef030000 - 0x00007ffdef04d000 	C:\Windows\SYSTEM32\dhcpcsvc.DLL
0x00007ffdf0c10000 - 0x00007ffdf0cdb000 	C:\Windows\SYSTEM32\DNSAPI.dll
0x00007ffdea0c0000 - 0x00007ffdea0cb000 	C:\Windows\SYSTEM32\WINNSI.DLL

VM Arguments:
jvm_args: -Xmx2048m -Dfile.encoding=windows-1252 -Duser.country=CA -Duser.language=en -Duser.variant 
java_command: org.gradle.launcher.daemon.bootstrap.GradleDaemon 6.5
java_class_path (initial): C:\Users\huilo\.gradle\wrapper\dists\gradle-6.5-bin\6nifqtx7604sqp1q6g8wikw7p\gradle-6.5\lib\gradle-launcher-6.5.jar
Launcher Type: SUN_STANDARD

Environment Variables:
PATH=C:\Windows\system32;C:\Windows;C:\Windows\System32\Wbem;C:\Windows\System32\WindowsPowerShell\v1.0\;C:\Windows\System32\OpenSSH\;C:\Program Files\Git\cmd;C:\apache-maven-3.6.3\bin;C:\Program Files\nodejs\;C:\Program Files (x86)\NVIDIA Corporation\PhysX\Common;C:\Program Files\Docker\Docker\resources\bin;C:\ProgramData\DockerDesktop\version-bin;C:\Program Files\Java\jdk-14.0.2\bin;C:\Program Files\apache-maven-3.6.3\bin;C:\Users\huilo\AppData\Roaming\npm;D:\Programs_in D\PostgreSQL10\bin\;;D:\Programs_in D\IntelliJ IDEA Community Edition 2020.2.3\bin;
USERNAME=huilo
OS=Windows_NT
PROCESSOR_IDENTIFIER=Intel64 Family 6 Model 78 Stepping 3, GenuineIntel



---------------  S Y S T E M  ---------------

OS: Windows 10.0 , 64 bit Build 19041 (10.0.19041.546)

CPU:total 4 (initial active 4) (2 cores per cpu, 2 threads per core) family 6 model 78 stepping 3, cmov, cx8, fxsr, mmx, sse, sse2, sse3, ssse3, sse4.1, sse4.2, popcnt, avx, avx2, aes, clmul, erms, 3dnowpref, lzcnt, ht, tsc, tscinvbit, bmi1, bmi2, adx

Memory: 4k page, physical 8275872k(493740k free), swap 18587780k(2288k free)

vm_info: OpenJDK 64-Bit Server VM (25.242-b01) for windows-amd64 JRE (1.8.0_242-release-1644-b01), built by "builder" with MS VC++ 10.0 (VS2010)

time: Thu Nov 19 11:59:07 2020
timezone: Pacific Standard Time
elapsed time: 21 seconds (0d 0h 0m 21s)

